# JRE version: Java(TM) SE Runtime Environment (8.0_101-b13) (build 1.8.0_101-b13)
# Java VM: Java HotSpot(TM) 64-Bit Server VM (25.101-b13 mixed mode windows-amd64 compressed oops)
Heap:
 PSYoungGen      total 114176K, used 36017K [0x00000000d5f00000, 0x00000000de980000, 0x0000000100000000)
  eden space 107008K, 33% used [0x00000000d5f00000,0x00000000d822c730,0x00000000dc780000)
  from space 7168K, 0% used [0x00000000de000000,0x00000000de000000,0x00000000de700000)
  to   space 2560K, 0% used [0x00000000de700000,0x00000000de700000,0x00000000de980000)
 ParOldGen       total 54784K, used 12242K [0x0000000081c00000, 0x0000000085180000, 0x00000000d5f00000)
  object space 54784K, 22% used [0x0000000081c00000,0x00000000827f4988,0x0000000085180000)
 Metaspace       used 32654K, capacity 33036K, committed 33536K, reserved 1079296K
  class space    used 3872K, capacity 3990K, committed 4096K, reserved 1048576K
GC Heap History (10 events):
Event: 2.343 GC heap before
{Heap before GC invocations=5 (full 0):
 PSYoungGen      total 71680K, used 22805K [0x00000000d5f00000, 0x00000000daa00000, 0x0000000100000000)
  eden space 66560K, 26% used [0x00000000d5f00000,0x00000000d70475c0,0x00000000da000000)
  from space 5120K, 99% used [0x00000000da500000,0x00000000da9fe040,0x00000000daa00000)
  to   space 5120K, 0% used [0x00000000da000000,0x00000000da000000,0x00000000da500000)
 ParOldGen       total 87552K, used 6683K [0x0000000081c00000, 0x0000000087180000, 0x00000000d5f00000)
  object space 87552K, 7% used [0x0000000081c00000,0x0000000082286c30,0x0000000087180000)
 Metaspace       used 20795K, capacity 21048K, committed 21248K, reserved 1069056K
  class space    used 2480K, capacity 2550K, committed 2560K, reserved 1048576K
Event: 2.350 GC heap after
Heap after GC invocations=5 (full 0):
 PSYoungGen      total 71680K, used 5112K [0x00000000d5f00000, 0x00000000df100000, 0x0000000100000000)
  eden space 66560K, 0% used [0x00000000d5f00000,0x00000000d5f00000,0x00000000da000000)
  from space 5120K, 99% used [0x00000000da000000,0x00000000da4fe040,0x00000000da500000)
  to   space 8192K, 0% used [0x00000000de900000,0x00000000de900000,0x00000000df100000)
 ParOldGen       total 87552K, used 7964K [0x0000000081c00000, 0x0000000087180000, 0x00000000d5f00000)
  object space 87552K, 9% used [0x0000000081c00000,0x00000000823c7290,0x0000000087180000)
 Metaspace       used 20795K, capacity 21048K, committed 21248K, reserved 1069056K
  class space    used 2480K, capacity 2550K, committed 2560K, reserved 1048576K
}
Event: 2.350 GC heap before
{Heap before GC invocations=6 (full 1):
 PSYoungGen      total 71680K, used 5112K [0x00000000d5f00000, 0x00000000df100000, 0x0000000100000000)
  eden space 66560K, 0% used [0x00000000d5f00000,0x00000000d5f00000,0x00000000da000000)
  from space 5120K, 99% used [0x00000000da000000,0x00000000da4fe040,0x00000000da500000)
  to   space 8192K, 0% used [0x00000000de900000,0x00000000de900000,0x00000000df100000)
 ParOldGen       total 87552K, used 7964K [0x0000000081c00000, 0x0000000087180000, 0x00000000d5f00000)
  object space 87552K, 9% used [0x0000000081c00000,0x00000000823c7290,0x0000000087180000)
 Metaspace       used 20795K, capacity 21048K, committed 21248K, reserved 1069056K
  class space    used 2480K, capacity 2550K, committed 2560K, reserved 1048576K
Event: 2.381 GC heap after
Heap after GC invocations=6 (full 1):
 PSYoungGen      total 71680K, used 0K [0x00000000d5f00000, 0x00000000df100000, 0x0000000100000000)
  eden space 66560K, 0% used [0x00000000d5f00000,0x00000000d5f00000,0x00000000da000000)
  from space 5120K, 0% used [0x00000000da000000,0x00000000da000000,0x00000000da500000)
  to   space 8192K, 0% used [0x00000000de900000,0x00000000de900000,0x00000000df100000)
 ParOldGen       total 54784K, used 6211K [0x0000000081c00000, 0x0000000085180000, 0x00000000d5f00000)
  object space 54784K, 11% used [0x0000000081c00000,0x0000000082210c70,0x0000000085180000)
 Metaspace       used 20795K, capacity 21048K, committed 21248K, reserved 1069056K
  class space    used 2480K, capacity 2550K, committed 2560K, reserved 1048576K
}
Event: 3.074 GC heap before
{Heap before GC invocations=7 (full 1):
 PSYoungGen      total 71680K, used 66560K [0x00000000d5f00000, 0x00000000df100000, 0x0000000100000000)
  eden space 66560K, 100% used [0x00000000d5f00000,0x00000000da000000,0x00000000da000000)
  from space 5120K, 0% used [0x00000000da000000,0x00000000da000000,0x00000000da500000)
  to   space 8192K, 0% used [0x00000000de900000,0x00000000de900000,0x00000000df100000)
 ParOldGen       total 54784K, used 6211K [0x0000000081c00000, 0x0000000085180000, 0x00000000d5f00000)
  object space 54784K, 11% used [0x0000000081c00000,0x0000000082210c70,0x0000000085180000)
 Metaspace       used 25866K, capacity 26190K, committed 26624K, reserved 1073152K
  class space    used 3135K, capacity 3211K, committed 3328K, reserved 1048576K
Event: 3.081 GC heap after
Heap after GC invocations=7 (full 1):
 PSYoungGen      total 114176K, used 7133K [0x00000000d5f00000, 0x00000000df000000, 0x0000000100000000)
  eden space 107008K, 0% used [0x00000000d5f00000,0x00000000d5f00000,0x00000000dc780000)
  from space 7168K, 99% used [0x00000000de900000,0x00000000deff77c8,0x00000000df000000)
  to   space 8192K, 0% used [0x00000000de000000,0x00000000de000000,0x00000000de800000)
 ParOldGen       total 54784K, used 6219K [0x0000000081c00000, 0x0000000085180000, 0x00000000d5f00000)
  object space 54784K, 11% used [0x0000000081c00000,0x0000000082212c70,0x0000000085180000)
 Metaspace       used 25866K, capacity 26190K, committed 26624K, reserved 1073152K
  class space    used 3135K, capacity 3211K, committed 3328K, reserved 1048576K
}
Event: 3.529 GC heap before
{Heap before GC invocations=8 (full 1):
 PSYoungGen      total 114176K, used 44628K [0x00000000d5f00000, 0x00000000df000000, 0x0000000100000000)
  eden space 107008K, 35% used [0x00000000d5f00000,0x00000000d839d9a0,0x00000000dc780000)
  from space 7168K, 99% used [0x00000000de900000,0x00000000deff77c8,0x00000000df000000)
  to   space 8192K, 0% used [0x00000000de000000,0x00000000de000000,0x00000000de800000)
 ParOldGen       total 54784K, used 6219K [0x0000000081c00000, 0x0000000085180000, 0x00000000d5f00000)
  object space 54784K, 11% used [0x0000000081c00000,0x0000000082212c70,0x0000000085180000)
 Metaspace       used 27539K, capacity 27932K, committed 28416K, reserved 1075200K
  class space    used 3347K, capacity 3470K, committed 3584K, reserved 1048576K
Event: 3.537 GC heap after
Heap after GC invocations=8 (full 1):
 PSYoungGen      total 114176K, used 7132K [0x00000000d5f00000, 0x00000000de980000, 0x0000000100000000)
  eden space 107008K, 0% used [0x00000000d5f00000,0x00000000d5f00000,0x00000000dc780000)
  from space 7168K, 99% used [0x00000000de000000,0x00000000de6f71a0,0x00000000de700000)
  to   space 2560K, 0% used [0x00000000de700000,0x00000000de700000,0x00000000de980000)
 ParOldGen       total 54784K, used 6227K [0x0000000081c00000, 0x0000000085180000, 0x00000000d5f00000)
  object space 54784K, 11% used [0x0000000081c00000,0x0000000082214c70,0x0000000085180000)
 Metaspace       used 27539K, capacity 27932K, committed 28416K, reserved 1075200K
  class space    used 3347K, capacity 3470K, committed 3584K, reserved 1048576K
}
Event: 3.537 GC heap before
{Heap before GC invocations=9 (full 2):
 PSYoungGen      total 114176K, used 7132K [0x00000000d5f00000, 0x00000000de980000, 0x0000000100000000)
  eden space 107008K, 0% used [0x00000000d5f00000,0x00000000d5f00000,0x00000000dc780000)
  from space 7168K, 99% used [0x00000000de000000,0x00000000de6f71a0,0x00000000de700000)
  to   space 2560K, 0% used [0x00000000de700000,0x00000000de700000,0x00000000de980000)
 ParOldGen       total 54784K, used 6227K [0x0000000081c00000, 0x0000000085180000, 0x00000000d5f00000)
  object space 54784K, 11% used [0x0000000081c00000,0x0000000082214c70,0x0000000085180000)
 Metaspace       used 27539K, capacity 27932K, committed 28416K, reserved 1075200K
  class space    used 3347K, capacity 3470K, committed 3584K, reserved 1048576K
Event: 3.591 GC heap after
Heap after GC invocations=9 (full 2):
 PSYoungGen      total 114176K, used 0K [0x00000000d5f00000, 0x00000000de980000, 0x0000000100000000)
  eden space 107008K, 0% used [0x00000000d5f00000,0x00000000d5f00000,0x00000000dc780000)
  from space 7168K, 0% used [0x00000000de000000,0x00000000de000000,0x00000000de700000)
  to   space 2560K, 0% used [0x00000000de700000,0x00000000de700000,0x00000000de980000)
 ParOldGen       total 54784K, used 12242K [0x0000000081c00000, 0x0000000085180000, 0x00000000d5f00000)
  object space 54784K, 22% used [0x0000000081c00000,0x00000000827f4988,0x0000000085180000)
 Metaspace       used 27539K, capacity 27932K, committed 28416K, reserved 1075200K
  class space    used 3347K, capacity 3470K, committed 3584K, reserved 1048576K
}

