# JRE version: Java(TM) SE Runtime Environment (8.0_181-b13) (build 1.8.0_181-b13)
# Java VM: Java HotSpot(TM) 64-Bit Server VM (25.181-b13 mixed mode windows-amd64 compressed oops)
Heap:
 PSYoungGen      total 159232K, used 91689K [0x00000000f5580000, 0x0000000100000000, 0x0000000100000000)
  eden space 144896K, 63% used [0x00000000f5580000,0x00000000faf0a6e0,0x00000000fe300000)
  from space 14336K, 0% used [0x00000000ff200000,0x00000000ff200000,0x0000000100000000)
  to   space 14848K, 0% used [0x00000000fe300000,0x00000000fe300000,0x00000000ff180000)
 ParOldGen       total 175104K, used 15140K [0x00000000e0000000, 0x00000000eab00000, 0x00000000f5580000)
  object space 175104K, 8% used [0x00000000e0000000,0x00000000e0ec91d8,0x00000000eab00000)
 Metaspace       used 41956K, capacity 42452K, committed 42880K, reserved 1087488K
  class space    used 4822K, capacity 4938K, committed 4992K, reserved 1048576K
GC Heap History (10 events):
Event: 13.825 GC heap before
{Heap before GC invocations=4 (full 1):
 PSYoungGen      total 76288K, used 5352K [0x00000000f5580000, 0x00000000fea80000, 0x0000000100000000)
  eden space 65536K, 0% used [0x00000000f5580000,0x00000000f5580000,0x00000000f9580000)
  from space 10752K, 49% used [0x00000000f9580000,0x00000000f9aba020,0x00000000fa000000)
  to   space 10752K, 0% used [0x00000000fe000000,0x00000000fe000000,0x00000000fea80000)
 ParOldGen       total 175104K, used 104K [0x00000000e0000000, 0x00000000eab00000, 0x00000000f5580000)
  object space 175104K, 0% used [0x00000000e0000000,0x00000000e001a010,0x00000000eab00000)
 Metaspace       used 20625K, capacity 20954K, committed 21248K, reserved 1069056K
  class space    used 2336K, capacity 2455K, committed 2560K, reserved 1048576K
Event: 14.007 GC heap after
Heap after GC invocations=4 (full 1):
 PSYoungGen      total 76288K, used 0K [0x00000000f5580000, 0x00000000fea80000, 0x0000000100000000)
  eden space 65536K, 0% used [0x00000000f5580000,0x00000000f5580000,0x00000000f9580000)
  from space 10752K, 0% used [0x00000000f9580000,0x00000000f9580000,0x00000000fa000000)
  to   space 10752K, 0% used [0x00000000fe000000,0x00000000fe000000,0x00000000fea80000)
 ParOldGen       total 175104K, used 5316K [0x00000000e0000000, 0x00000000eab00000, 0x00000000f5580000)
  object space 175104K, 3% used [0x00000000e0000000,0x00000000e0531018,0x00000000eab00000)
 Metaspace       used 20625K, capacity 20954K, committed 21248K, reserved 1069056K
  class space    used 2336K, capacity 2455K, committed 2560K, reserved 1048576K
}
Event: 15.775 GC heap before
{Heap before GC invocations=5 (full 1):
 PSYoungGen      total 76288K, used 65536K [0x00000000f5580000, 0x00000000fea80000, 0x0000000100000000)
  eden space 65536K, 100% used [0x00000000f5580000,0x00000000f9580000,0x00000000f9580000)
  from space 10752K, 0% used [0x00000000f9580000,0x00000000f9580000,0x00000000fa000000)
  to   space 10752K, 0% used [0x00000000fe000000,0x00000000fe000000,0x00000000fea80000)
 ParOldGen       total 175104K, used 5316K [0x00000000e0000000, 0x00000000eab00000, 0x00000000f5580000)
  object space 175104K, 3% used [0x00000000e0000000,0x00000000e0531018,0x00000000eab00000)
 Metaspace       used 23936K, capacity 24286K, committed 24704K, reserved 1071104K
  class space    used 2765K, capacity 2877K, committed 2944K, reserved 1048576K
Event: 15.781 GC heap after
Heap after GC invocations=5 (full 1):
 PSYoungGen      total 109056K, used 3394K [0x00000000f5580000, 0x00000000fe380000, 0x0000000100000000)
  eden space 105472K, 0% used [0x00000000f5580000,0x00000000f5580000,0x00000000fbc80000)
  from space 3584K, 94% used [0x00000000fe000000,0x00000000fe350ba8,0x00000000fe380000)
  to   space 10752K, 0% used [0x00000000fce80000,0x00000000fce80000,0x00000000fd900000)
 ParOldGen       total 175104K, used 5324K [0x00000000e0000000, 0x00000000eab00000, 0x00000000f5580000)
  object space 175104K, 3% used [0x00000000e0000000,0x00000000e0533018,0x00000000eab00000)
 Metaspace       used 23936K, capacity 24286K, committed 24704K, reserved 1071104K
  class space    used 2765K, capacity 2877K, committed 2944K, reserved 1048576K
}
Event: 18.907 GC heap before
{Heap before GC invocations=6 (full 1):
 PSYoungGen      total 109056K, used 108866K [0x00000000f5580000, 0x00000000fe380000, 0x0000000100000000)
  eden space 105472K, 100% used [0x00000000f5580000,0x00000000fbc80000,0x00000000fbc80000)
  from space 3584K, 94% used [0x00000000fe000000,0x00000000fe350ba8,0x00000000fe380000)
  to   space 10752K, 0% used [0x00000000fce80000,0x00000000fce80000,0x00000000fd900000)
 ParOldGen       total 175104K, used 5324K [0x00000000e0000000, 0x00000000eab00000, 0x00000000f5580000)
  object space 175104K, 3% used [0x00000000e0000000,0x00000000e0533018,0x00000000eab00000)
 Metaspace       used 29581K, capacity 30004K, committed 30208K, reserved 1075200K
  class space    used 3410K, capacity 3522K, committed 3584K, reserved 1048576K
Event: 18.917 GC heap after
Heap after GC invocations=6 (full 1):
 PSYoungGen      total 134656K, used 10722K [0x00000000f5580000, 0x0000000100000000, 0x0000000100000000)
  eden space 123904K, 0% used [0x00000000f5580000,0x00000000f5580000,0x00000000fce80000)
  from space 10752K, 99% used [0x00000000fce80000,0x00000000fd8f8930,0x00000000fd900000)
  to   space 14336K, 0% used [0x00000000ff200000,0x00000000ff200000,0x0000000100000000)
 ParOldGen       total 175104K, used 5586K [0x00000000e0000000, 0x00000000eab00000, 0x00000000f5580000)
  object space 175104K, 3% used [0x00000000e0000000,0x00000000e0574880,0x00000000eab00000)
 Metaspace       used 29581K, capacity 30004K, committed 30208K, reserved 1075200K
  class space    used 3410K, capacity 3522K, committed 3584K, reserved 1048576K
}
Event: 25.109 GC heap before
{Heap before GC invocations=7 (full 1):
 PSYoungGen      total 134656K, used 95050K [0x00000000f5580000, 0x0000000100000000, 0x0000000100000000)
  eden space 123904K, 68% used [0x00000000f5580000,0x00000000fa7da1c0,0x00000000fce80000)
  from space 10752K, 99% used [0x00000000fce80000,0x00000000fd8f8930,0x00000000fd900000)
  to   space 14336K, 0% used [0x00000000ff200000,0x00000000ff200000,0x0000000100000000)
 ParOldGen       total 175104K, used 5586K [0x00000000e0000000, 0x00000000eab00000, 0x00000000f5580000)
  object space 175104K, 3% used [0x00000000e0000000,0x00000000e0574880,0x00000000eab00000)
 Metaspace       used 31921K, capacity 32380K, committed 32768K, reserved 1079296K
  class space    used 3668K, capacity 3780K, committed 3840K, reserved 1048576K
Event: 25.131 GC heap after
Heap after GC invocations=7 (full 1):
 PSYoungGen      total 159232K, used 10523K [0x00000000f5580000, 0x0000000100000000, 0x0000000100000000)
  eden space 144896K, 0% used [0x00000000f5580000,0x00000000f5580000,0x00000000fe300000)
  from space 14336K, 73% used [0x00000000ff200000,0x00000000ffc46e00,0x0000000100000000)
  to   space 14848K, 0% used [0x00000000fe300000,0x00000000fe300000,0x00000000ff180000)
 ParOldGen       total 175104K, used 5594K [0x00000000e0000000, 0x00000000eab00000, 0x00000000f5580000)
  object space 175104K, 3% used [0x00000000e0000000,0x00000000e0576880,0x00000000eab00000)
 Metaspace       used 31921K, capacity 32380K, committed 32768K, reserved 1079296K
  class space    used 3668K, capacity 3780K, committed 3840K, reserved 1048576K
}
Event: 25.131 GC heap before
{Heap before GC invocations=8 (full 2):
 PSYoungGen      total 159232K, used 10523K [0x00000000f5580000, 0x0000000100000000, 0x0000000100000000)
  eden space 144896K, 0% used [0x00000000f5580000,0x00000000f5580000,0x00000000fe300000)
  from space 14336K, 73% used [0x00000000ff200000,0x00000000ffc46e00,0x0000000100000000)
  to   space 14848K, 0% used [0x00000000fe300000,0x00000000fe300000,0x00000000ff180000)
 ParOldGen       total 175104K, used 5594K [0x00000000e0000000, 0x00000000eab00000, 0x00000000f5580000)
  object space 175104K, 3% used [0x00000000e0000000,0x00000000e0576880,0x00000000eab00000)
 Metaspace       used 31921K, capacity 32380K, committed 32768K, reserved 1079296K
  class space    used 3668K, capacity 3780K, committed 3840K, reserved 1048576K
Event: 25.236 GC heap after
Heap after GC invocations=8 (full 2):
 PSYoungGen      total 159232K, used 0K [0x00000000f5580000, 0x0000000100000000, 0x0000000100000000)
  eden space 144896K, 0% used [0x00000000f5580000,0x00000000f5580000,0x00000000fe300000)
  from space 14336K, 0% used [0x00000000ff200000,0x00000000ff200000,0x0000000100000000)
  to   space 14848K, 0% used [0x00000000fe300000,0x00000000fe300000,0x00000000ff180000)
 ParOldGen       total 175104K, used 15140K [0x00000000e0000000, 0x00000000eab00000, 0x00000000f5580000)
  object space 175104K, 8% used [0x00000000e0000000,0x00000000e0ec91d8,0x00000000eab00000)
 Metaspace       used 31921K, capacity 32380K, committed 32768K, reserved 1079296K
  class space    used 3668K, capacity 3780K, committed 3840K, reserved 1048576K
}

